<?xml version="1.0" encoding="UTF-8"?>
<!-- Generated by org.testng.reporters.JUnitReportReporter -->
<testsuite hostname="DESKTOP-88P789D" failures="0" tests="1" name="Tests.LogoutTest" time="9.630" errors="0" timestamp="2025-06-20T13:45:48 IST" skipped="0">
  <testcase classname="Tests.LogoutTest" name="verifyLogoutFunctionality" time="9.630"/>
</testsuite> <!-- Tests.LogoutTest -->
