<?xml version="1.0" encoding="UTF-8"?>
<!-- Generated by org.testng.reporters.JUnitReportReporter -->
<testsuite hostname="DESKTOP-88P789D" failures="0" tests="1" name="Tests.InvalidLoginTest" time="9.550" errors="0" timestamp="2025-06-20T13:45:48 IST" skipped="0">
  <testcase classname="Tests.InvalidLoginTest" name="verifyInvalidLogin" time="9.550"/>
</testsuite> <!-- Tests.InvalidLoginTest -->
