<?xml version="1.0" encoding="UTF-8"?>
<!-- Generated by org.testng.reporters.JUnitReportReporter -->
<testsuite hostname="DESKTOP-88P789D" failures="0" tests="1" name="Tests.LoginTest" time="8.813" errors="0" timestamp="2025-06-20T13:12:42 IST" skipped="0">
  <testcase classname="Tests.LoginTest" name="testValidLogin" time="8.813"/>
  <system-out/>
</testsuite> <!-- Tests.LoginTest -->
