<?xml version="1.0" encoding="UTF-8"?>
<!-- Generated by org.testng.reporters.JUnitReportReporter -->
<testsuite hostname="DESKTOP-88P789D" failures="0" tests="1" name="Tests.InvalidLoginTest" time="9.402" errors="0" timestamp="2025-06-20T13:12:42 IST" skipped="0">
  <testcase classname="Tests.InvalidLoginTest" name="verifyInvalidLogin" time="9.402"/>
  <system-out/>
</testsuite> <!-- Tests.InvalidLoginTest -->
